=== Fortnite full wiki sync started Sat Jun  6 23:48:57 PDT 2026 ===
Rebranded 0 files under /Users/evan/Library/Mobile Documents/com~apple~CloudDocs/blinkywink.github.io
Building tree from 'Category:Fortnite' (max_depth=8, sleep=0.0)…
Visited 1 categories so far… (current: Category:Fortnite)
[depth 0] Fetching subcategories for: Category:Fortnite
[depth 0] Fetching direct pages for: Category:Fortnite
[depth 0] Recursing into child: Category:Availability
Visited 2 categories so far… (current: Category:Availability)
[depth 1] Fetching subcategories for: Category:Availability
[depth 1] Fetching direct pages for: Category:Availability
[depth 1] Recursing into child: Category:Exclusives
Visited 3 categories so far… (current: Category:Exclusives)
[depth 2] Fetching subcategories for: Category:Exclusives
[depth 2] Fetching direct pages for: Category:Exclusives
[depth 2] Recursing into child: Category:Founder’s Exclusives
Visited 4 categories so far… (current: Category:Founder’s Exclusives)
[depth 3] Fetching subcategories for: Category:Founder’s Exclusives
[depth 3] Fetching direct pages for: Category:Founder’s Exclusives
[depth 3] Recursing into child: Category:Founder's Pack Heroes
Visited 5 categories so far… (current: Category:Founder's Pack Heroes)
[depth 4] Fetching subcategories for: Category:Founder's Pack Heroes
[depth 4] Fetching direct pages for: Category:Founder's Pack Heroes
[depth 3] Recursing into child: Category:Founder's Quests
Visited 6 categories so far… (current: Category:Founder's Quests)
[depth 4] Fetching subcategories for: Category:Founder's Quests
[depth 4] Fetching direct pages for: Category:Founder's Quests
[depth 3] Recursing into child: Category:Founder's Weapons
Visited 7 categories so far… (current: Category:Founder's Weapons)
[depth 4] Fetching subcategories for: Category:Founder's Weapons
[depth 4] Fetching direct pages for: Category:Founder's Weapons
[depth 1] Recursing into child: Category:Heroes by availability
Visited 8 categories so far… (current: Category:Heroes by availability)
[depth 2] Fetching subcategories for: Category:Heroes by availability
[depth 2] Fetching direct pages for: Category:Heroes by availability
[depth 2] Recursing into child: Category:Heroes by collection books
Visited 9 categories so far… (current: Category:Heroes by collection books)
[depth 3] Fetching subcategories for: Category:Heroes by collection books
[depth 3] Fetching direct pages for: Category:Heroes by collection books
[depth 3] Recursing into child: Category:Core Heroes
Visited 10 categories so far… (current: Category:Core Heroes)
[depth 4] Fetching subcategories for: Category:Core Heroes
[depth 4] Fetching direct pages for: Category:Core Heroes
[depth 4] Recursing into child: Category:Campaign Heroes
Visited 11 categories so far… (current: Category:Campaign Heroes)
[depth 5] Fetching subcategories for: Category:Campaign Heroes
[depth 5] Fetching direct pages for: Category:Campaign Heroes
[depth 5] Recursing into child: Category:Steel Wool Heroes
Visited 12 categories so far… (current: Category:Steel Wool Heroes)
[depth 6] Fetching subcategories for: Category:Steel Wool Heroes
[depth 6] Fetching direct pages for: Category:Steel Wool Heroes
[depth 3] Recursing into child: Category:Event Heroes
Visited 13 categories so far… (current: Category:Event Heroes)
[depth 4] Fetching subcategories for: Category:Event Heroes
[depth 4] Fetching direct pages for: Category:Event Heroes
